Removed Pin From Net: NetName=SEGLED1DP Pin=R5-5
Removed Pin From Net: NetName=SEGLED1G Pin=R5-6
Removed Pin From Net: NetName=SEGLED1F Pin=R5-7
Removed Pin From Net: NetName=SEGLED1E Pin=R5-8
Removed Pin From Net: NetName=SEGLED2D Pin=R10-5
Removed Pin From Net: NetName=SEGLED2C Pin=R10-6
Removed Pin From Net: NetName=SEGLED2B Pin=R10-7
Removed Pin From Net: NetName=SEGLED2A Pin=R10-8
Removed Pin From Net: NetName=SEGLED2DP Pin=R11-5
Removed Pin From Net: NetName=SEGLED2G Pin=R11-6
Removed Pin From Net: NetName=SEGLED2F Pin=R11-7
Removed Pin From Net: NetName=SEGLED2E Pin=R11-8
Removed Pin From Net: NetName=SEGLED3D Pin=R15-5
Removed Pin From Net: NetName=SEGLED3C Pin=R15-6
Removed Pin From Net: NetName=SEGLED3B Pin=R15-7
Removed Pin From Net: NetName=SEGLED3A Pin=R15-8
Removed Pin From Net: NetName=SEGLED3DP Pin=R16-5
Removed Pin From Net: NetName=SEGLED3G Pin=R16-6
Removed Pin From Net: NetName=SEGLED3F Pin=R16-7
Removed Pin From Net: NetName=SEGLED3E Pin=R16-8
Removed Pin From Net: NetName=NetR5_1 Pin=U1-4
Removed Pin From Net: NetName=NetR5_2 Pin=U1-5
Removed Pin From Net: NetName=NetR5_3 Pin=U1-6
Removed Pin From Net: NetName=NetR5_4 Pin=U1-7
Removed Pin From Net: NetName=NetR10_2 Pin=U2-1
Removed Pin From Net: NetName=NetR10_3 Pin=U2-2
Removed Pin From Net: NetName=NetR10_4 Pin=U2-3
Removed Pin From Net: NetName=NetR11_1 Pin=U2-4
Removed Pin From Net: NetName=NetR11_2 Pin=U2-5
Removed Pin From Net: NetName=NetR11_3 Pin=U2-6
Removed Pin From Net: NetName=NetR11_4 Pin=U2-7
Removed Pin From Net: NetName=NetR10_1 Pin=U2-15
Removed Pin From Net: NetName=NetR15_2 Pin=U4-1
Removed Pin From Net: NetName=NetR15_3 Pin=U4-2
Removed Pin From Net: NetName=NetR15_4 Pin=U4-3
Removed Pin From Net: NetName=NetR16_1 Pin=U4-4
Removed Pin From Net: NetName=NetR16_2 Pin=U4-5
Removed Pin From Net: NetName=NetR16_3 Pin=U4-6
Removed Pin From Net: NetName=NetR16_4 Pin=U4-7
Removed Pin From Net: NetName=NetR15_1 Pin=U4-15
Added Pin To Net: NetName=SEGLED1E Pin=R5-5
Added Pin To Net: NetName=SEGLED1F Pin=R5-6
Added Pin To Net: NetName=SEGLED1G Pin=R5-7
Added Pin To Net: NetName=SEGLED1DP Pin=R5-8
Added Pin To Net: NetName=SEGLED2A Pin=R10-5
Added Pin To Net: NetName=SEGLED2B Pin=R10-6
Added Pin To Net: NetName=SEGLED2C Pin=R10-7
Added Pin To Net: NetName=SEGLED2D Pin=R10-8
Added Pin To Net: NetName=SEGLED2E Pin=R11-5
Added Pin To Net: NetName=SEGLED2F Pin=R11-6
Added Pin To Net: NetName=SEGLED2G Pin=R11-7
Added Pin To Net: NetName=SEGLED2DP Pin=R11-8
Added Pin To Net: NetName=SEGLED3A Pin=R15-5
Added Pin To Net: NetName=SEGLED3B Pin=R15-6
Added Pin To Net: NetName=SEGLED3C Pin=R15-7
Added Pin To Net: NetName=SEGLED3D Pin=R15-8
Added Pin To Net: NetName=SEGLED3E Pin=R16-5
Added Pin To Net: NetName=SEGLED3F Pin=R16-6
Added Pin To Net: NetName=SEGLED3G Pin=R16-7
Added Pin To Net: NetName=SEGLED3DP Pin=R16-8
Added Pin To Net: NetName=NetR5_4 Pin=U1-4
Added Pin To Net: NetName=NetR5_3 Pin=U1-5
Added Pin To Net: NetName=NetR5_2 Pin=U1-6
Added Pin To Net: NetName=NetR5_1 Pin=U1-7
Added Pin To Net: NetName=NetR10_3 Pin=U2-1
Added Pin To Net: NetName=NetR10_2 Pin=U2-2
Added Pin To Net: NetName=NetR10_1 Pin=U2-3
Added Pin To Net: NetName=NetR11_4 Pin=U2-4
Added Pin To Net: NetName=NetR11_3 Pin=U2-5
Added Pin To Net: NetName=NetR11_2 Pin=U2-6
Added Pin To Net: NetName=NetR11_1 Pin=U2-7
Added Pin To Net: NetName=NetR10_4 Pin=U2-15
Added Pin To Net: NetName=NetR15_3 Pin=U4-1
Added Pin To Net: NetName=NetR15_2 Pin=U4-2
Added Pin To Net: NetName=NetR15_1 Pin=U4-3
Added Pin To Net: NetName=NetR16_4 Pin=U4-4
Added Pin To Net: NetName=NetR16_3 Pin=U4-5
Added Pin To Net: NetName=NetR16_2 Pin=U4-6
Added Pin To Net: NetName=NetR16_1 Pin=U4-7
Added Pin To Net: NetName=NetR15_4 Pin=U4-15
