Removed Pin From Net: NetName=NetD1_2 Pin=R7-2
Removed Member From Class: ClassName=GE3.0 Member=LED19
Change Component Designator: OldDesignator=LED1 NewDesignator=3V3
Change Component Designator: OldDesignator=LED2 NewDesignator=LED0
Change Component Designator: OldDesignator=LED3 NewDesignator=LED1
Change Component Designator: OldDesignator=LED4 NewDesignator=LED2
Change Component Designator: OldDesignator=LED5 NewDesignator=LED3
Change Component Designator: OldDesignator=LED6 NewDesignator=LED4
Change Component Designator: OldDesignator=LED7 NewDesignator=LED5
Change Component Designator: OldDesignator=LED8 NewDesignator=LED6
Change Component Designator: OldDesignator=LED9 NewDesignator=LED7
Change Component Designator: OldDesignator=LED10 NewDesignator=5V
Change Component Designator: OldDesignator=LED12 NewDesignator=LED8
Change Component Designator: OldDesignator=LED13 NewDesignator=LED9
Change Component Designator: OldDesignator=LED14 NewDesignator=LED10
Change Component Designator: OldDesignator=LED15 NewDesignator=LED11
Change Component Designator: OldDesignator=LED16 NewDesignator=LED12
Change Component Designator: OldDesignator=LED17 NewDesignator=LED13
Change Component Designator: OldDesignator=LED18 NewDesignator=LED14
Change Component Designator: OldDesignator=LED19 NewDesignator=LED15
Change Component Designator: OldDesignator=SEG1 NewDesignator=*1
Change Component Designator: OldDesignator=SEG2 NewDesignator=*2
Change Component Designator: OldDesignator=SEG3 NewDesignator=*3
Added Component: Designator=R7(0603R)
Added Component: Designator=RELAY(LED0603-RD_RED)
Add component (AddParameter): Name = "Add into BOM"; Value = "yes"; VariantName = "[No Variations]"
Add component (AddParameter): Name = "Convert to PCB"; Value = "yes"; VariantName = "[No Variations]"
Add component (AddParameter): Name = "Datasheet"; Value = "https://atta.szlcsc.com/upload/public/pdf/source/20200820/C84263_DABC6A75E58F576973B407FDBA283D60.pdf"; VariantName = "[No Variations]"
Add component (AddParameter): Name = "Device"; Value = "NCD0603R1_C84263"; VariantName = "[No Variations]"
Add component (AddParameter): Name = "Emitted Color"; Value = "ºìµÆ"; VariantName = "[No Variations]"
Add component (AddParameter): Name = "JLCPCB Part Class"; Value = "Extended Part"; VariantName = "[No Variations]"
Add component (AddParameter): Name = "LCSC Part Name"; Value = "ºìµÆ"; VariantName = "[No Variations]"
Add component (AddParameter): Name = "Manufacturer"; Value = "¹úÐÇ¹âµç"; VariantName = "[No Variations]"
Add component (AddParameter): Name = "Manufacturer Part"; Value = "NCD0603R1"; VariantName = "[No Variations]"
Add component (AddParameter): Name = "Name"; Value = "NCD0603R1"; VariantName = "[No Variations]"
Add component (AddParameter): Name = "Supplier"; Value = "LCSC"; VariantName = "[No Variations]"
Add component (AddParameter): Name = "Supplier Footprint"; Value = "0603"; VariantName = "[No Variations]"
Add component (AddParameter): Name = "Supplier Part"; Value = "C84263"; VariantName = "[No Variations]"
Add component (AddParameter): Name = "Symbol"; Value = "FC-DA1608HRK-620D"; VariantName = "[No Variations]"
Added Pin To Net: NetName=NetD1_2 Pin=Q1-2
Added Pin To Net: NetName=5V Pin=R7-2
Added Pin To Net: NetName=NetD1_2 Pin=RELAY-1
Change Net Name : Old Net Name=1_485-A New Net Name=NetR13_2
Change Net Name : Old Net Name=1_485-B New Net Name=NetR12_1
Change Net Name : Old Net Name=NetLED1_2 New Net Name=Net3V3_2
Change Net Name : Old Net Name=NetLED2_2 New Net Name=NetLED0_2
Change Net Name : Old Net Name=NetLED3_2 New Net Name=NetLED1_2
Change Net Name : Old Net Name=NetLED4_2 New Net Name=NetLED2_2
Change Net Name : Old Net Name=NetLED5_2 New Net Name=NetLED3_2
Change Net Name : Old Net Name=NetLED6_2 New Net Name=NetLED4_2
Change Net Name : Old Net Name=NetLED7_2 New Net Name=NetLED5_2
Change Net Name : Old Net Name=NetLED8_2 New Net Name=NetLED6_2
Change Net Name : Old Net Name=NetLED9_2 New Net Name=NetLED7_2
Change Net Name : Old Net Name=NetLED10_2 New Net Name=Net5V_2
Change Net Name : Old Net Name=NetLED12_2 New Net Name=NetLED8_2
Change Net Name : Old Net Name=NetLED13_2 New Net Name=NetLED9_2
Change Net Name : Old Net Name=NetLED14_2 New Net Name=NetLED10_2
Change Net Name : Old Net Name=NetLED15_2 New Net Name=NetLED11_2
Change Net Name : Old Net Name=NetLED16_2 New Net Name=NetLED12_2
Change Net Name : Old Net Name=NetLED17_2 New Net Name=NetLED13_2
Change Net Name : Old Net Name=NetLED18_2 New Net Name=NetLED14_2
Change Net Name : Old Net Name=NetLED19_2 New Net Name=NetLED15_2
Added Pin To Net: NetName=NetR7_1 Pin=R7-1
Added Pin To Net: NetName=NetR7_1 Pin=RELAY-2
Added Net: Name=NetR7_1
Added Member To Class: ClassName=GE3.0 Member=Component RELAY NCD0603R1_C84263
Added Room: Name=GE3.0
